<?xml version="1.0" encoding="UTF-8"?>
<testng-results ignored="0" total="1" passed="1" failed="0" skipped="0">
  <reporter-output>
  </reporter-output>
  <suite started-at="2024-09-21T19:24:55 IST" name="Default suite" finished-at="2024-09-21T19:25:31 IST" duration-ms="36026">
    <groups>
    </groups>
    <test started-at="2024-09-21T19:24:55 IST" name="Default test" finished-at="2024-09-21T19:25:31 IST" duration-ms="36026">
      <class name="MavenProjects.Selenium.Project1.Amazon_TestCases">
        <test-method is-config="true" signature="Launch_Chrome()[pri:0, instance:MavenProjects.Selenium.Project1.Amazon_TestCases@4d9e68d0]" started-at="2024-09-21T19:24:55 IST" name="Launch_Chrome" finished-at="2024-09-21T19:25:05 IST" duration-ms="9483" status="PASS">
          <reporter-output>
          </reporter-output>
        </test-method> <!-- Launch_Chrome -->
        <test-method signature="Registration_Form()[pri:0, instance:MavenProjects.Selenium.Project1.Amazon_TestCases@4d9e68d0]" started-at="2024-09-21T19:25:05 IST" name="Registration_Form" finished-at="2024-09-21T19:25:30 IST" duration-ms="25209" status="PASS">
          <reporter-output>
          </reporter-output>
        </test-method> <!-- Registration_Form -->
        <test-method is-config="true" signature="Quit()[pri:0, instance:MavenProjects.Selenium.Project1.Amazon_TestCases@4d9e68d0]" started-at="2024-09-21T19:25:30 IST" name="Quit" finished-at="2024-09-21T19:25:31 IST" duration-ms="1246" status="PASS">
          <reporter-output>
          </reporter-output>
        </test-method> <!-- Quit -->
      </class> <!-- MavenProjects.Selenium.Project1.Amazon_TestCases -->
    </test> <!-- Default test -->
  </suite> <!-- Default suite -->
</testng-results>
