<?xml version="1.0" encoding="UTF-8"?>
<testng-results ignored="0" total="1" passed="1" failed="0" skipped="0">
  <reporter-output>
  </reporter-output>
  <suite started-at="2024-09-20T23:38:49 IST" name="Suite" finished-at="2024-09-20T23:39:32 IST" duration-ms="42975">
    <groups>
    </groups>
    <test started-at="2024-09-20T23:38:49 IST" name="Test" finished-at="2024-09-20T23:39:32 IST" duration-ms="42975">
      <class name="MavenProjects.Selenium.Project1.Amazon_TestCases">
        <test-method is-config="true" signature="Launch_Chrome()[pri:0, instance:MavenProjects.Selenium.Project1.Amazon_TestCases@7a69b07]" started-at="2024-09-20T23:38:49 IST" name="Launch_Chrome" finished-at="2024-09-20T23:39:23 IST" duration-ms="34472" status="PASS">
          <reporter-output>
          </reporter-output>
        </test-method> <!-- Launch_Chrome -->
        <test-method signature="Registration_Form()[pri:0, instance:MavenProjects.Selenium.Project1.Amazon_TestCases@7a69b07]" started-at="2024-09-20T23:39:23 IST" name="Registration_Form" finished-at="2024-09-20T23:39:31 IST" duration-ms="8035" status="PASS">
          <reporter-output>
          </reporter-output>
        </test-method> <!-- Registration_Form -->
        <test-method is-config="true" signature="Quit()[pri:0, instance:MavenProjects.Selenium.Project1.Amazon_TestCases@7a69b07]" started-at="2024-09-20T23:39:31 IST" name="Quit" finished-at="2024-09-20T23:39:32 IST" duration-ms="405" status="PASS">
          <reporter-output>
          </reporter-output>
        </test-method> <!-- Quit -->
      </class> <!-- MavenProjects.Selenium.Project1.Amazon_TestCases -->
    </test> <!-- Test -->
  </suite> <!-- Suite -->
</testng-results>
